<?xml version="1.0" encoding="UTF-8"?>
<!-- Generated by org.testng.reporters.JUnitXMLReporter -->
<testsuite hostname="LAPTOP-C3PMCVEI" name="Default test" tests="9" failures="0" timestamp="23 Nov 2016 03:07:56 GMT" time="0.133" errors="0">
  <testcase name="testNullString" time="0.03" classname="com.stringproblem.TestStringProblem"/>
  <testcase name="testString" time="0.002" classname="com.stringproblem.TestStringProblem"/>
  <testcase name="testStringNoCharPresent" time="0.005" classname="com.stringproblem.TestStringProblem"/>
  <testcase name="testStringWithBlankChar" time="0.003" classname="com.stringproblem.TestStringProblem"/>
  <testcase name="testStringWithBlankCharReplace" time="0.001" classname="com.stringproblem.TestStringProblem"/>
  <testcase name="testStringWithNoChar" time="0.004" classname="com.stringproblem.TestStringProblem"/>
  <testcase name="testStringWithOneChar" time="0.002" classname="com.stringproblem.TestStringProblem"/>
  <testcase name="testStringWithSameChar" time="0.001" classname="com.stringproblem.TestStringProblem"/>
  <testcase name="testStringWithSpecialChar" time="0.002" classname="com.stringproblem.TestStringProblem"/>
</testsuite> <!-- Default test -->
